<?xml version="1.0" encoding="UTF-8"?>
<!-- Generated by org.testng.reporters.JUnitReportReporter -->
<testsuite hostname="IT-74" failures="0" tests="1" name="AutomationTesting_1.auttomation_1.LocatorExample" time="67.126" errors="0" timestamp="2023-07-09T10:37:59 BDT" skipped="0">
  <testcase classname="AutomationTesting_1.auttomation_1.LocatorExample" name="testlocators" time="67.126"/>
</testsuite> <!-- AutomationTesting_1.auttomation_1.LocatorExample -->
