<?xml version="1.0" encoding="UTF-8"?>
<!-- Generated by org.testng.reporters.JUnitReportReporter -->
<testsuite hostname="IT-74" failures="0" tests="1" name="AutomationTesting_1.auttomation_1.Alert1" time="19.802" errors="0" timestamp="2023-07-11T16:35:52 BDT" skipped="0">
  <testcase classname="AutomationTesting_1.auttomation_1.Alert1" name="AlertTest" time="19.802"/>
</testsuite> <!-- AutomationTesting_1.auttomation_1.Alert1 -->
