<?xml version="1.0" encoding="UTF-8"?>
<!-- Generated by org.testng.reporters.JUnitReportReporter -->
<testsuite hostname="IT-74" failures="0" tests="1" name="AutomationTesting_1.auttomation_1.LocatorExample" time="59.606" errors="0" timestamp="2023-07-08T12:03:28 BDT" skipped="0">
  <testcase classname="AutomationTesting_1.auttomation_1.LocatorExample" name="testlocators" time="59.606"/>
</testsuite> <!-- AutomationTesting_1.auttomation_1.LocatorExample -->
