<?xml version="1.0" encoding="UTF-8"?>
<!-- Generated by org.testng.reporters.JUnitReportReporter -->
<testsuite hostname="IT-74" failures="0" tests="1" name="AutomationTesting_1.auttomation_1.LocatorExample" time="38.347" errors="0" timestamp="2023-07-05T09:26:11 BDT" skipped="0">
  <testcase classname="AutomationTesting_1.auttomation_1.LocatorExample" name="testlocators" time="38.347"/>
</testsuite> <!-- AutomationTesting_1.auttomation_1.LocatorExample -->
