<?xml version="1.0" encoding="UTF-8"?>
<!-- Generated by org.testng.reporters.JUnitReportReporter -->
<testsuite hostname="IT-74" failures="0" tests="1" name="AutomationTesting_1.auttomation_1.FirstTest" time="9.471" errors="0" timestamp="2023-06-24T17:03:32 BDT" skipped="0">
  <testcase classname="AutomationTesting_1.auttomation_1.FirstTest" name="test1" time="9.471"/>
</testsuite> <!-- AutomationTesting_1.auttomation_1.FirstTest -->
