<?xml version="1.0" encoding="UTF-8"?>
<!-- Generated by org.testng.reporters.JUnitReportReporter -->
<testsuite hostname="IT-74" failures="0" tests="1" name="AutomationTesting_1.auttomation_1.mailautomation" time="5.645" errors="0" timestamp="2023-07-31T13:56:29 BDT" skipped="0">
  <testcase classname="AutomationTesting_1.auttomation_1.mailautomation" name="automail" time="5.645"/>
</testsuite> <!-- AutomationTesting_1.auttomation_1.mailautomation -->
