<?xml version="1.0" encoding="UTF-8"?>
<!-- Generated by org.testng.reporters.JUnitReportReporter -->
<testsuite hostname="IT-74" failures="0" tests="1" name="AutomationTesting_1.auttomation_1.FirstTest" time="6.976" errors="0" timestamp="2023-06-26T14:03:07 BDT" skipped="0">
  <testcase classname="AutomationTesting_1.auttomation_1.FirstTest" name="test1" time="6.976"/>
</testsuite> <!-- AutomationTesting_1.auttomation_1.FirstTest -->
