<?xml version="1.0" encoding="UTF-8"?>
<!-- Generated by org.testng.reporters.JUnitReportReporter -->
<testsuite hostname="IT-74" failures="0" tests="1" name="AutomationTesting_1.auttomation_1.NavigateExample" time="29.941" errors="0" timestamp="2023-07-16T23:27:39 BDT" skipped="0">
  <testcase classname="AutomationTesting_1.auttomation_1.NavigateExample" name="navigate" time="29.941"/>
</testsuite> <!-- AutomationTesting_1.auttomation_1.NavigateExample -->
