<?xml version="1.0" encoding="UTF-8"?>
<!-- Generated by org.testng.reporters.JUnitReportReporter -->
<testsuite hostname="IT-74" failures="0" tests="1" name="AutomationTesting_1.auttomation_1.Alert1" time="21.237" errors="0" timestamp="2023-07-11T15:13:15 BDT" skipped="0">
  <testcase classname="AutomationTesting_1.auttomation_1.Alert1" name="AlertTest" time="21.237"/>
</testsuite> <!-- AutomationTesting_1.auttomation_1.Alert1 -->
