<?xml version="1.0" encoding="UTF-8"?>
<!-- Generated by org.testng.reporters.JUnitReportReporter -->
<testsuite hostname="IT-74" failures="0" tests="1" name="AutomationTesting_1.auttomation_1.TesNgExample" time="0.005" errors="0" timestamp="2023-07-04T09:30:31 BDT" skipped="0">
  <testcase classname="AutomationTesting_1.auttomation_1.TesNgExample" name="test2" time="0.005"/>
</testsuite> <!-- AutomationTesting_1.auttomation_1.TesNgExample -->
