<?xml version="1.0" encoding="UTF-8"?>
<!-- Generated by org.testng.reporters.JUnitReportReporter -->
<testsuite hostname="IT-74" failures="0" tests="1" name="AutomationTesting_1.auttomation_1.Assertion" time="8.657" errors="0" timestamp="2023-07-31T14:14:17 BDT" skipped="0">
  <testcase classname="AutomationTesting_1.auttomation_1.Assertion" name="Assertion" time="8.657"/>
</testsuite> <!-- AutomationTesting_1.auttomation_1.Assertion -->
