<?xml version="1.0" encoding="UTF-8"?>
<!-- Generated by org.testng.reporters.JUnitReportReporter -->
<testsuite hostname="IT-74" failures="0" tests="1" name="AutomationTesting_1.auttomation_1.webElementexample" time="17.396" errors="0" timestamp="2023-07-09T11:41:11 BDT" skipped="0">
  <testcase classname="AutomationTesting_1.auttomation_1.webElementexample" name="webElementsTest" time="17.396"/>
</testsuite> <!-- AutomationTesting_1.auttomation_1.webElementexample -->
