<?xml version="1.0" encoding="UTF-8"?>
<!-- Generated by org.testng.reporters.JUnitReportReporter -->
<testsuite hostname="IT-74" failures="0" tests="1" name="AutomationTesting_1.auttomation_1.Assertion" time="9.080" errors="0" timestamp="2023-07-31T13:53:46 BDT" skipped="0">
  <testcase classname="AutomationTesting_1.auttomation_1.Assertion" name="Assertion" time="9.080"/>
</testsuite> <!-- AutomationTesting_1.auttomation_1.Assertion -->
