<?xml version="1.0" encoding="UTF-8"?>
<!-- Generated by org.testng.reporters.JUnitReportReporter -->
<testsuite hostname="IT-74" failures="0" tests="1" name="AutomationTesting_1.auttomation_1.webElementexample" time="131.175" errors="0" timestamp="2023-07-09T21:26:31 BDT" skipped="0">
  <testcase classname="AutomationTesting_1.auttomation_1.webElementexample" name="webElementsTest" time="131.175"/>
</testsuite> <!-- AutomationTesting_1.auttomation_1.webElementexample -->
